<?xml version="1.0" encoding="UTF-8"?>
<!-- Generated by org.testng.reporters.JUnitXMLReporter -->
<testsuite ignored="2" hostname="LenovoLaptop" failures="1" tests="1" name="Test" time="0.132" errors="0" timestamp="2024-04-12T14:56:35 IST">
  <testcase classname="testngPackage.GroupLogin" name="verify" time="0.04">
    <failure type="java.lang.NullPointerException" message="Cannot invoke &amp;quot;org.openqa.selenium.chrome.ChromeDriver.findElement(org.openqa.selenium.By)&amp;quot; because &amp;quot;this.browserObject&amp;quot; is null">
      <![CDATA[java.lang.NullPointerException: Cannot invoke "org.openqa.selenium.chrome.ChromeDriver.findElement(org.openqa.selenium.By)" because "this.browserObject" is null
at testngPackage.GroupLogin.verify(GroupLogin.java:27)
at java.base/java.util.ArrayList.forEach(ArrayList.java:1511)
... Removed 27 stack frames]]>
    </failure>
  </testcase> <!-- verify -->
  <testcase classname="testngPackage.GroupLogin" name="checkdash" time="0.0">
    <ignored/>
  </testcase> <!-- checkdash -->
  <testcase classname="testngPackage.GroupLogin" name="serachCourse" time="0.0">
    <ignored/>
  </testcase> <!-- serachCourse -->
</testsuite> <!-- Test -->
