<?xml version="1.0" encoding="UTF-8"?>
<testng-results ignored="0" total="1" passed="1" failed="0" skipped="0">
  <reporter-output>
  </reporter-output>
  <suite started-at="2024-04-12T20:08:04 IST" name="Default suite" finished-at="2024-04-12T20:08:30 IST" duration-ms="25987">
    <groups>
    </groups>
    <test started-at="2024-04-12T20:08:04 IST" name="Default test" finished-at="2024-04-12T20:08:30 IST" duration-ms="25987">
      <class name="testngPackage.TestCode">
        <test-method signature="login()[pri:0, instance:testngPackage.TestCode@36916eb0]" started-at="2024-04-12T20:08:04 IST" name="login" finished-at="2024-04-12T20:08:30 IST" duration-ms="25922" status="PASS">
          <reporter-output>
          </reporter-output>
        </test-method> <!-- login -->
      </class> <!-- testngPackage.TestCode -->
    </test> <!-- Default test -->
  </suite> <!-- Default suite -->
</testng-results>
