<?xml version="1.0" encoding="UTF-8"?>
<!-- Generated by org.testng.reporters.JUnitXMLReporter -->
<testsuite ignored="0" hostname="LenovoLaptop" failures="1" tests="2" name="Test" time="14.146" errors="0" timestamp="2024-03-27T05:09:55 IST">
  <testcase classname="com.ect.testcases.LoginTest" name="verify" time="5.363"/>
  <testcase classname="com.ect.testcases.LoginTest" name="verify" time="2.27">
    <failure type="java.lang.AssertionError" message="expected [true] but found [false]">
      <![CDATA[java.lang.AssertionError: expected [true] but found [false]
at com.ect.testcases.LoginTest.verify(LoginTest.java:30)
at java.base/java.util.ArrayList.forEach(ArrayList.java:1511)
... Removed 31 stack frames]]>
    </failure>
  </testcase> <!-- verify -->
</testsuite> <!-- Test -->
